2025-03-28 13:29:05,560 - root - INFO - 神奇九转策略启动
2025-03-28 13:29:05,855 - tiger_openapi - INFO - sdk version: 3.3.3
2025-03-28 13:29:06,125 - tiger_openapi - INFO - Backing off do_post(...) for 1.0s (tigeropen.common.exceptions.ResponseException: [90f611e5-0b95-11f0-b316-84144db87756]invalid http status 502 headers: {'Content-type': 'application/json;charset=UTF-8', 'Cache-Control': 'no-cache', 'Connection': 'Keep-Alive', 'User-Agent': 'openapi-python-sdk-3.3.3'} detail body:b'<html>\r\n<head><title>502 Bad Gateway</title></head>\r\n<body>\r\n<center><h1>502 Bad Gateway</h1></center>\r\n<hr><center>nginx</center>\r\n</body>\r\n</html>\r\n' params: {'method': 'grab_quote_permission', 'version': '2.0', 'timestamp': '2025-03-28 13:29:05', 'tiger_id': '20154788', 'charset': 'UTF-8', 'sign_type': 'RSA', 'device_id': '50:eb:f6:55:fc:9d', 'sign': 'PmgkNHHXT3wNpSsnsXZhMV6hR0Y5lxG53QJTmf/PaQ66Pp1dbHP8fZ9zD8+hmq9HhQymaKj7UU8XVsu86BeGB8OLVLtOEs6lu4t1iUHn1XGqqXgQj6ESk5Y5OiZ7qguKUC+q5A4mjWo4Rg7tJKqAdwOd2GmLIfb9pcxCNjHUUnU='})
2025-03-28 13:29:07,183 - tiger_openapi - INFO - Backing off do_post(...) for 1.0s (tigeropen.common.exceptions.ResponseException: [90f611e5-0b95-11f0-b316-84144db87756]invalid http status 502 headers: {'Content-type': 'application/json;charset=UTF-8', 'Cache-Control': 'no-cache', 'Connection': 'Keep-Alive', 'User-Agent': 'openapi-python-sdk-3.3.3'} detail body:b'<html>\r\n<head><title>502 Bad Gateway</title></head>\r\n<body>\r\n<center><h1>502 Bad Gateway</h1></center>\r\n<hr><center>nginx</center>\r\n</body>\r\n</html>\r\n' params: {'method': 'grab_quote_permission', 'version': '2.0', 'timestamp': '2025-03-28 13:29:05', 'tiger_id': '20154788', 'charset': 'UTF-8', 'sign_type': 'RSA', 'device_id': '50:eb:f6:55:fc:9d', 'sign': 'PmgkNHHXT3wNpSsnsXZhMV6hR0Y5lxG53QJTmf/PaQ66Pp1dbHP8fZ9zD8+hmq9HhQymaKj7UU8XVsu86BeGB8OLVLtOEs6lu4t1iUHn1XGqqXgQj6ESk5Y5OiZ7qguKUC+q5A4mjWo4Rg7tJKqAdwOd2GmLIfb9pcxCNjHUUnU='})
2025-03-28 13:29:08,237 - tiger_openapi - INFO - Backing off do_post(...) for 2.0s (tigeropen.common.exceptions.ResponseException: [90f611e5-0b95-11f0-b316-84144db87756]invalid http status 502 headers: {'Content-type': 'application/json;charset=UTF-8', 'Cache-Control': 'no-cache', 'Connection': 'Keep-Alive', 'User-Agent': 'openapi-python-sdk-3.3.3'} detail body:b'<html>\r\n<head><title>502 Bad Gateway</title></head>\r\n<body>\r\n<center><h1>502 Bad Gateway</h1></center>\r\n<hr><center>nginx</center>\r\n</body>\r\n</html>\r\n' params: {'method': 'grab_quote_permission', 'version': '2.0', 'timestamp': '2025-03-28 13:29:05', 'tiger_id': '20154788', 'charset': 'UTF-8', 'sign_type': 'RSA', 'device_id': '50:eb:f6:55:fc:9d', 'sign': 'PmgkNHHXT3wNpSsnsXZhMV6hR0Y5lxG53QJTmf/PaQ66Pp1dbHP8fZ9zD8+hmq9HhQymaKj7UU8XVsu86BeGB8OLVLtOEs6lu4t1iUHn1XGqqXgQj6ESk5Y5OiZ7qguKUC+q5A4mjWo4Rg7tJKqAdwOd2GmLIfb9pcxCNjHUUnU='})
2025-03-28 13:29:10,290 - tiger_openapi - INFO - Backing off do_post(...) for 3.0s (tigeropen.common.exceptions.ResponseException: [90f611e5-0b95-11f0-b316-84144db87756]invalid http status 502 headers: {'Content-type': 'application/json;charset=UTF-8', 'Cache-Control': 'no-cache', 'Connection': 'Keep-Alive', 'User-Agent': 'openapi-python-sdk-3.3.3'} detail body:b'<html>\r\n<head><title>502 Bad Gateway</title></head>\r\n<body>\r\n<center><h1>502 Bad Gateway</h1></center>\r\n<hr><center>nginx</center>\r\n</body>\r\n</html>\r\n' params: {'method': 'grab_quote_permission', 'version': '2.0', 'timestamp': '2025-03-28 13:29:05', 'tiger_id': '20154788', 'charset': 'UTF-8', 'sign_type': 'RSA', 'device_id': '50:eb:f6:55:fc:9d', 'sign': 'PmgkNHHXT3wNpSsnsXZhMV6hR0Y5lxG53QJTmf/PaQ66Pp1dbHP8fZ9zD8+hmq9HhQymaKj7UU8XVsu86BeGB8OLVLtOEs6lu4t1iUHn1XGqqXgQj6ESk5Y5OiZ7qguKUC+q5A4mjWo4Rg7tJKqAdwOd2GmLIfb9pcxCNjHUUnU='})
2025-03-28 13:29:13,343 - tiger_openapi - ERROR - Giving up do_post(...) after 5 tries (tigeropen.common.exceptions.ResponseException: [90f611e5-0b95-11f0-b316-84144db87756]invalid http status 502 headers: {'Content-type': 'application/json;charset=UTF-8', 'Cache-Control': 'no-cache', 'Connection': 'Keep-Alive', 'User-Agent': 'openapi-python-sdk-3.3.3'} detail body:b'<html>\r\n<head><title>502 Bad Gateway</title></head>\r\n<body>\r\n<center><h1>502 Bad Gateway</h1></center>\r\n<hr><center>nginx</center>\r\n</body>\r\n</html>\r\n' params: {'method': 'grab_quote_permission', 'version': '2.0', 'timestamp': '2025-03-28 13:29:05', 'tiger_id': '20154788', 'charset': 'UTF-8', 'sign_type': 'RSA', 'device_id': '50:eb:f6:55:fc:9d', 'sign': 'PmgkNHHXT3wNpSsnsXZhMV6hR0Y5lxG53QJTmf/PaQ66Pp1dbHP8fZ9zD8+hmq9HhQymaKj7UU8XVsu86BeGB8OLVLtOEs6lu4t1iUHn1XGqqXgQj6ESk5Y5OiZ7qguKUC+q5A4mjWo4Rg7tJKqAdwOd2GmLIfb9pcxCNjHUUnU='})
2025-03-28 13:29:13,344 - tiger_openapi - ERROR - give up after 5 retries
2025-03-28 13:29:13,344 - tiger_openapi - ERROR - [90f611e5-0b95-11f0-b316-84144db87756]invalid http status 502 headers: {'Content-type': 'application/json;charset=UTF-8', 'Cache-Control': 'no-cache', 'Connection': 'Keep-Alive', 'User-Agent': 'openapi-python-sdk-3.3.3'} detail body:b'<html>\r\n<head><title>502 Bad Gateway</title></head>\r\n<body>\r\n<center><h1>502 Bad Gateway</h1></center>\r\n<hr><center>nginx</center>\r\n</body>\r\n</html>\r\n' params: {'method': 'grab_quote_permission', 'version': '2.0', 'timestamp': '2025-03-28 13:29:05', 'tiger_id': '20154788', 'charset': 'UTF-8', 'sign_type': 'RSA', 'device_id': '50:eb:f6:55:fc:9d', 'sign': 'PmgkNHHXT3wNpSsnsXZhMV6hR0Y5lxG53QJTmf/PaQ66Pp1dbHP8fZ9zD8+hmq9HhQymaKj7UU8XVsu86BeGB8OLVLtOEs6lu4t1iUHn1XGqqXgQj6ESk5Y5OiZ7qguKUC+q5A4mjWo4Rg7tJKqAdwOd2GmLIfb9pcxCNjHUUnU='}
Traceback (most recent call last):
  File "C:\Users\Administrator\miniconda3\Lib\site-packages\tigeropen\quote\quote_client.py", line 114, in __fetch_data
    response = super(QuoteClient, self).execute(request, url=self._url)
               ^^^^^^^^^^^^^^^^^^^^^^^^^^^^^^^^^^^^^^^^^^^^^^^^^^^^^^^^
  File "C:\Users\Administrator\miniconda3\Lib\site-packages\tigeropen\tiger_open_client.py", line 186, in execute
    response = retry_deco(do_post)(url, query_string, self.__headers, params, self.__config.timeout,
               ^^^^^^^^^^^^^^^^^^^^^^^^^^^^^^^^^^^^^^^^^^^^^^^^^^^^^^^^^^^^^^^^^^^^^^^^^^^^^^^^^^^^^
  File "C:\Users\Administrator\miniconda3\Lib\site-packages\backoff\_sync.py", line 105, in retry
    ret = target(*args, **kwargs)
          ^^^^^^^^^^^^^^^^^^^^^^^
  File "C:\Users\Administrator\miniconda3\Lib\site-packages\tigeropen\common\util\web_utils.py", line 17, in do_post
    return do_request('POST', url=url, query_string=query_string, headers=headers, params=params, timeout=timeout,
           ^^^^^^^^^^^^^^^^^^^^^^^^^^^^^^^^^^^^^^^^^^^^^^^^^^^^^^^^^^^^^^^^^^^^^^^^^^^^^^^^^^^^^^^^^^^^^^^^^^^^^^^
  File "C:\Users\Administrator\miniconda3\Lib\site-packages\tigeropen\common\util\web_utils.py", line 36, in do_request
    raise ResponseException('[' + THREAD_LOCAL.uuid + ']invalid http status ' + str(response.status) +
tigeropen.common.exceptions.ResponseException: [90f611e5-0b95-11f0-b316-84144db87756]invalid http status 502 headers: {'Content-type': 'application/json;charset=UTF-8', 'Cache-Control': 'no-cache', 'Connection': 'Keep-Alive', 'User-Agent': 'openapi-python-sdk-3.3.3'} detail body:b'<html>\r\n<head><title>502 Bad Gateway</title></head>\r\n<body>\r\n<center><h1>502 Bad Gateway</h1></center>\r\n<hr><center>nginx</center>\r\n</body>\r\n</html>\r\n' params: {'method': 'grab_quote_permission', 'version': '2.0', 'timestamp': '2025-03-28 13:29:05', 'tiger_id': '20154788', 'charset': 'UTF-8', 'sign_type': 'RSA', 'device_id': '50:eb:f6:55:fc:9d', 'sign': 'PmgkNHHXT3wNpSsnsXZhMV6hR0Y5lxG53QJTmf/PaQ66Pp1dbHP8fZ9zD8+hmq9HhQymaKj7UU8XVsu86BeGB8OLVLtOEs6lu4t1iUHn1XGqqXgQj6ESk5Y5OiZ7qguKUC+q5A4mjWo4Rg7tJKqAdwOd2GmLIfb9pcxCNjHUUnU='}
2025-03-28 13:29:13,347 - src.data_fetcher - ERROR - 初始化老虎证券API客户端失败: [90f611e5-0b95-11f0-b316-84144db87756]invalid http status 502 headers: {'Content-type': 'application/json;charset=UTF-8', 'Cache-Control': 'no-cache', 'Connection': 'Keep-Alive', 'User-Agent': 'openapi-python-sdk-3.3.3'} detail body:b'<html>\r\n<head><title>502 Bad Gateway</title></head>\r\n<body>\r\n<center><h1>502 Bad Gateway</h1></center>\r\n<hr><center>nginx</center>\r\n</body>\r\n</html>\r\n' params: {'method': 'grab_quote_permission', 'version': '2.0', 'timestamp': '2025-03-28 13:29:05', 'tiger_id': '20154788', 'charset': 'UTF-8', 'sign_type': 'RSA', 'device_id': '50:eb:f6:55:fc:9d', 'sign': 'PmgkNHHXT3wNpSsnsXZhMV6hR0Y5lxG53QJTmf/PaQ66Pp1dbHP8fZ9zD8+hmq9HhQymaKj7UU8XVsu86BeGB8OLVLtOEs6lu4t1iUHn1XGqqXgQj6ESk5Y5OiZ7qguKUC+q5A4mjWo4Rg7tJKqAdwOd2GmLIfb9pcxCNjHUUnU='}
2025-03-28 13:29:13,348 - src.data_fetcher - WARNING - API客户端未初始化，使用测试数据
2025-03-28 13:29:13,348 - src.data_fetcher - WARNING - 生成 QQQ 的测试数据
2025-03-28 13:29:13,397 - src.data_fetcher - INFO - 测试数据已生成并缓存到: data/cache/QQQ_1m_2025-02-26_2025-03-28_mock.csv
2025-03-28 13:29:13,471 - root - INFO - 添加数据源: QQQ, 文件: data/cache/QQQ_1m_bt.csv
2025-03-28 13:29:13,472 - src.data_fetcher - WARNING - API客户端未初始化，使用测试数据
2025-03-28 13:29:13,472 - src.data_fetcher - WARNING - 生成 SPY 的测试数据
2025-03-28 13:29:13,518 - src.data_fetcher - INFO - 测试数据已生成并缓存到: data/cache/SPY_1m_2025-02-26_2025-03-28_mock.csv
2025-03-28 13:29:13,584 - root - INFO - 添加数据源: SPY, 文件: data/cache/SPY_1m_bt.csv
2025-03-28 13:29:13,585 - root - INFO - 初始资金: 100000.00
2025-03-28 13:29:13,879 - src.magic_nine_strategy - INFO - 策略初始化完成
2025-03-28 13:29:14,465 - src.magic_nine_strategy - INFO - 2025-02-26T15:14:00 买入信号! 神奇九转: 0, RSI6: 29.01, KDJ-J: 52.95, MACD: 0.16
2025-03-28 13:29:14,466 - src.magic_nine_strategy - INFO - 2025-02-26T15:15:00 买入执行: 价格: 401.94, 成本: 40194.12, 手续费: 40.19
2025-03-28 13:29:14,472 - src.magic_nine_strategy - INFO - 2025-02-27T10:03:00 卖出信号! 神奇九转: 3, RSI6: 86.89, KDJ-J: 70.18, MACD: 0.77
2025-03-28 13:29:14,473 - src.magic_nine_strategy - INFO - 2025-02-27T10:04:00 卖出执行: 价格: 406.98, 成本: 40194.12, 手续费: 40.70
2025-03-28 13:29:14,474 - src.magic_nine_strategy - INFO - 2025-02-27T10:04:00 交易利润: -503.83
2025-03-28 13:29:14,474 - src.magic_nine_strategy - INFO - 2025-02-27T10:04:00 交易利润, 毛利润: 503.83, 净利润: 422.93
2025-03-28 13:29:14,481 - src.magic_nine_strategy - INFO - 2025-02-27T11:32:00 买入信号! 神奇九转: 0, RSI6: 20.73, KDJ-J: 43.08, MACD: -0.41
2025-03-28 13:29:14,482 - src.magic_nine_strategy - INFO - 2025-02-27T11:33:00 买入执行: 价格: 400.84, 成本: 40084.33, 手续费: 40.08
2025-03-28 13:29:14,492 - src.magic_nine_strategy - INFO - 2025-02-27T13:21:00 卖出信号! 神奇九转: 3, RSI6: 78.83, KDJ-J: 55.92, MACD: 0.69
2025-03-28 13:29:14,493 - src.magic_nine_strategy - INFO - 2025-02-27T13:22:00 卖出执行: 价格: 400.03, 成本: 40084.33, 手续费: 40.00
2025-03-28 13:29:14,493 - src.magic_nine_strategy - INFO - 2025-02-27T13:22:00 交易利润: 81.30
2025-03-28 13:29:14,493 - src.magic_nine_strategy - INFO - 2025-02-27T13:22:00 交易利润, 毛利润: -81.30, 净利润: -161.39
2025-03-28 13:29:14,517 - src.magic_nine_strategy - INFO - 2025-02-28T12:08:00 买入信号! 神奇九转: 0, RSI6: 28.10, KDJ-J: 40.90, MACD: 0.03
2025-03-28 13:29:14,518 - src.magic_nine_strategy - INFO - 2025-02-28T12:09:00 买入执行: 价格: 409.97, 成本: 40997.24, 手续费: 41.00
2025-03-28 13:29:14,520 - src.magic_nine_strategy - INFO - 2025-02-28T12:29:00 卖出信号! 神奇九转: 3, RSI6: 86.50, KDJ-J: 54.97, MACD: 0.30
2025-03-28 13:29:14,520 - src.magic_nine_strategy - INFO - 2025-02-28T12:30:00 卖出执行: 价格: 412.64, 成本: 40997.24, 手续费: 41.26
2025-03-28 13:29:14,520 - src.magic_nine_strategy - INFO - 2025-02-28T12:30:00 交易利润: -266.54
2025-03-28 13:29:14,521 - src.magic_nine_strategy - INFO - 2025-02-28T12:30:00 交易利润, 毛利润: 266.54, 净利润: 184.28
2025-03-28 13:29:14,522 - src.magic_nine_strategy - INFO - 2025-02-28T12:47:00 买入信号! 神奇九转: 0, RSI6: 23.19, KDJ-J: 24.86, MACD: -0.14
2025-03-28 13:29:14,522 - src.magic_nine_strategy - INFO - 2025-02-28T12:48:00 买入执行: 价格: 410.40, 成本: 41040.24, 手续费: 41.04
2025-03-28 13:29:14,524 - src.magic_nine_strategy - INFO - 2025-02-28T13:13:00 卖出信号! 神奇九转: 3, RSI6: 71.21, KDJ-J: 51.31, MACD: 0.04
2025-03-28 13:29:14,525 - src.magic_nine_strategy - INFO - 2025-02-28T13:14:00 卖出执行: 价格: 411.64, 成本: 41040.24, 手续费: 41.16
2025-03-28 13:29:14,525 - src.magic_nine_strategy - INFO - 2025-02-28T13:14:00 交易利润: -123.66
2025-03-28 13:29:14,525 - src.magic_nine_strategy - INFO - 2025-02-28T13:14:00 交易利润, 毛利润: 123.66, 净利润: 41.46
2025-03-28 13:29:14,536 - src.magic_nine_strategy - INFO - 2025-02-28T15:41:00 买入信号! 神奇九转: 0, RSI6: 17.13, KDJ-J: 8.26, MACD: 0.12
2025-03-28 13:29:14,536 - src.magic_nine_strategy - INFO - 2025-02-28T15:42:00 买入执行: 价格: 421.99, 成本: 42199.27, 手续费: 42.20
2025-03-28 13:29:14,538 - src.magic_nine_strategy - INFO - 2025-02-28T16:00:00 卖出信号! 神奇九转: 3, RSI6: 78.83, KDJ-J: 63.26, MACD: 0.78
2025-03-28 13:29:14,539 - src.magic_nine_strategy - INFO - 2025-03-03T09:30:00 卖出执行: 价格: 426.82, 成本: 42199.27, 手续费: 42.68
2025-03-28 13:29:14,539 - src.magic_nine_strategy - INFO - 2025-03-03T09:30:00 交易利润: -482.69
2025-03-28 13:29:14,539 - src.magic_nine_strategy - INFO - 2025-03-03T09:30:00 交易利润, 毛利润: 482.69, 净利润: 397.81
2025-03-28 13:29:14,564 - src.magic_nine_strategy - INFO - 2025-03-03T15:36:00 买入信号! 神奇九转: 0, RSI6: 14.36, KDJ-J: 39.95, MACD: -0.06
2025-03-28 13:29:14,565 - src.magic_nine_strategy - INFO - 2025-03-03T15:37:00 买入执行: 价格: 435.86, 成本: 43585.79, 手续费: 43.59
2025-03-28 13:29:14,577 - src.magic_nine_strategy - INFO - 2025-03-04T11:54:00 卖出信号! 神奇九转: 3, RSI6: 84.99, KDJ-J: 69.90, MACD: 0.79
2025-03-28 13:29:14,578 - src.magic_nine_strategy - INFO - 2025-03-04T11:55:00 卖出执行: 价格: 443.62, 成本: 43585.79, 手续费: 44.36
2025-03-28 13:29:14,578 - src.magic_nine_strategy - INFO - 2025-03-04T11:55:00 交易利润: -776.63
2025-03-28 13:29:14,578 - src.magic_nine_strategy - INFO - 2025-03-04T11:55:00 交易利润, 毛利润: 776.63, 净利润: 688.69
2025-03-28 13:29:14,584 - src.magic_nine_strategy - INFO - 2025-03-04T13:09:00 买入信号! 神奇九转: 0, RSI6: 26.37, KDJ-J: 35.75, MACD: -0.11
2025-03-28 13:29:14,584 - src.magic_nine_strategy - INFO - 2025-03-04T13:10:00 买入执行: 价格: 445.49, 成本: 44549.32, 手续费: 44.55
2025-03-28 13:29:14,594 - src.magic_nine_strategy - INFO - 2025-03-04T15:11:00 卖出信号! 神奇九转: 3, RSI6: 78.53, KDJ-J: 64.46, MACD: 0.30
2025-03-28 13:29:14,595 - src.magic_nine_strategy - INFO - 2025-03-04T15:12:00 卖出执行: 价格: 442.93, 成本: 44549.32, 手续费: 44.29
2025-03-28 13:29:14,595 - src.magic_nine_strategy - INFO - 2025-03-04T15:12:00 交易利润: 255.85
2025-03-28 13:29:14,595 - src.magic_nine_strategy - INFO - 2025-03-04T15:12:00 交易利润, 毛利润: -255.85, 净利润: -344.69
2025-03-28 13:29:14,596 - src.magic_nine_strategy - INFO - 2025-03-04T15:29:00 买入信号! 神奇九转: 0, RSI6: 29.31, KDJ-J: 43.77, MACD: -0.34
2025-03-28 13:29:14,597 - src.magic_nine_strategy - INFO - 2025-03-04T15:30:00 买入执行: 价格: 440.39, 成本: 44039.30, 手续费: 44.04
2025-03-28 13:29:14,600 - src.magic_nine_strategy - INFO - 2025-03-05T09:40:00 卖出信号! 神奇九转: 3, RSI6: 78.26, KDJ-J: 56.39, MACD: 0.61
2025-03-28 13:29:14,601 - src.magic_nine_strategy - INFO - 2025-03-05T09:41:00 卖出执行: 价格: 444.26, 成本: 44039.30, 手续费: 44.43
2025-03-28 13:29:14,601 - src.magic_nine_strategy - INFO - 2025-03-05T09:41:00 交易利润: -386.77
2025-03-28 13:29:14,601 - src.magic_nine_strategy - INFO - 2025-03-05T09:41:00 交易利润, 毛利润: 386.77, 净利润: 298.30
2025-03-28 13:29:14,604 - src.magic_nine_strategy - INFO - 2025-03-05T10:22:00 买入信号! 神奇九转: 0, RSI6: 16.78, KDJ-J: 54.72, MACD: -0.00
2025-03-28 13:29:14,605 - src.magic_nine_strategy - INFO - 2025-03-05T10:23:00 买入执行: 价格: 443.99, 成本: 44399.20, 手续费: 44.40
2025-03-28 13:29:14,628 - src.magic_nine_strategy - INFO - 2025-03-05T15:27:00 卖出信号! 神奇九转: 3, RSI6: 86.19, KDJ-J: 61.71, MACD: 1.18
2025-03-28 13:29:14,629 - src.magic_nine_strategy - INFO - 2025-03-05T15:28:00 卖出执行: 价格: 444.00, 成本: 44399.20, 手续费: 44.40
2025-03-28 13:29:14,629 - src.magic_nine_strategy - INFO - 2025-03-05T15:28:00 交易利润: -1.27
2025-03-28 13:29:14,629 - src.magic_nine_strategy - INFO - 2025-03-05T15:28:00 交易利润, 毛利润: 1.27, 净利润: -87.53
2025-03-28 13:29:14,635 - src.magic_nine_strategy - INFO - 2025-03-06T10:10:00 买入信号! 神奇九转: 0, RSI6: 25.49, KDJ-J: 45.52, MACD: -0.47
2025-03-28 13:29:14,635 - src.magic_nine_strategy - INFO - 2025-03-06T10:11:00 买入执行: 价格: 442.70, 成本: 44269.87, 手续费: 44.27
2025-03-28 13:29:14,651 - src.magic_nine_strategy - INFO - 2025-03-06T13:26:00 卖出信号! 神奇九转: 3, RSI6: 80.42, KDJ-J: 50.55, MACD: 0.37
2025-03-28 13:29:14,651 - src.magic_nine_strategy - INFO - 2025-03-06T13:27:00 卖出执行: 价格: 446.25, 成本: 44269.87, 手续费: 44.62
2025-03-28 13:29:14,651 - src.magic_nine_strategy - INFO - 2025-03-06T13:27:00 交易利润: -354.76
2025-03-28 13:29:14,651 - src.magic_nine_strategy - INFO - 2025-03-06T13:27:00 交易利润, 毛利润: 354.76, 净利润: 265.87
2025-03-28 13:29:14,653 - src.magic_nine_strategy - INFO - 2025-03-06T13:52:00 买入信号! 神奇九转: 0, RSI6: 25.65, KDJ-J: 38.86, MACD: -0.64
2025-03-28 13:29:14,653 - src.magic_nine_strategy - INFO - 2025-03-06T13:53:00 买入执行: 价格: 442.87, 成本: 44286.79, 手续费: 44.29
2025-03-28 13:29:14,655 - src.magic_nine_strategy - INFO - 2025-03-06T14:07:00 卖出信号! 神奇九转: 3, RSI6: 85.92, KDJ-J: 63.58, MACD: 0.10
2025-03-28 13:29:14,655 - src.magic_nine_strategy - INFO - 2025-03-06T14:08:00 卖出执行: 价格: 445.92, 成本: 44286.79, 手续费: 44.59
2025-03-28 13:29:14,656 - src.magic_nine_strategy - INFO - 2025-03-06T14:08:00 交易利润: -305.66
2025-03-28 13:29:14,656 - src.magic_nine_strategy - INFO - 2025-03-06T14:08:00 交易利润, 毛利润: 305.66, 净利润: 216.79
2025-03-28 13:29:14,667 - src.magic_nine_strategy - INFO - 2025-03-07T10:10:00 买入信号! 神奇九转: 0, RSI6: 12.48, KDJ-J: 41.32, MACD: -0.27
2025-03-28 13:29:14,667 - src.magic_nine_strategy - INFO - 2025-03-07T10:11:00 买入执行: 价格: 453.86, 成本: 45386.41, 手续费: 45.39
2025-03-28 13:29:14,679 - src.magic_nine_strategy - INFO - 2025-03-07T12:35:00 卖出信号! 神奇九转: 3, RSI6: 70.27, KDJ-J: 62.61, MACD: 0.34
2025-03-28 13:29:14,679 - src.magic_nine_strategy - INFO - 2025-03-07T12:36:00 卖出执行: 价格: 448.47, 成本: 45386.41, 手续费: 44.85
2025-03-28 13:29:14,679 - src.magic_nine_strategy - INFO - 2025-03-07T12:36:00 交易利润: 539.76
2025-03-28 13:29:14,679 - src.magic_nine_strategy - INFO - 2025-03-07T12:36:00 交易利润, 毛利润: -539.76, 净利润: -629.99
2025-03-28 13:29:14,686 - src.magic_nine_strategy - INFO - 2025-03-07T13:55:00 买入信号! 神奇九转: 0, RSI6: 19.71, KDJ-J: 31.66, MACD: -0.10
2025-03-28 13:29:14,687 - src.magic_nine_strategy - INFO - 2025-03-07T13:56:00 买入执行: 价格: 448.08, 成本: 44807.96, 手续费: 44.81
2025-03-28 13:29:14,693 - src.magic_nine_strategy - INFO - 2025-03-07T15:12:00 卖出信号! 神奇九转: 3, RSI6: 76.41, KDJ-J: 57.88, MACD: 0.44
2025-03-28 13:29:14,693 - src.magic_nine_strategy - INFO - 2025-03-07T15:13:00 卖出执行: 价格: 444.67, 成本: 44807.96, 手续费: 44.47
2025-03-28 13:29:14,694 - src.magic_nine_strategy - INFO - 2025-03-07T15:13:00 交易利润: 340.58
2025-03-28 13:29:14,694 - src.magic_nine_strategy - INFO - 2025-03-07T15:13:00 交易利润, 毛利润: -340.58, 净利润: -429.86
2025-03-28 13:29:14,696 - src.magic_nine_strategy - INFO - 2025-03-07T15:50:00 买入信号! 神奇九转: 0, RSI6: 25.68, KDJ-J: 47.54, MACD: -0.20
2025-03-28 13:29:14,697 - src.magic_nine_strategy - INFO - 2025-03-07T15:51:00 买入执行: 价格: 442.99, 成本: 44298.97, 手续费: 44.30
2025-03-28 13:29:14,717 - src.magic_nine_strategy - INFO - 2025-03-10T14:04:00 卖出信号! 神奇九转: 3, RSI6: 77.35, KDJ-J: 66.15, MACD: 0.57
2025-03-28 13:29:14,718 - src.magic_nine_strategy - INFO - 2025-03-10T14:05:00 卖出执行: 价格: 445.99, 成本: 44298.97, 手续费: 44.60
2025-03-28 13:29:14,718 - src.magic_nine_strategy - INFO - 2025-03-10T14:05:00 交易利润: -300.40
2025-03-28 13:29:14,718 - src.magic_nine_strategy - INFO - 2025-03-10T14:05:00 交易利润, 毛利润: 300.40, 净利润: 211.50
2025-03-28 13:29:14,723 - src.magic_nine_strategy - INFO - 2025-03-10T15:16:00 买入信号! 神奇九转: 0, RSI6: 21.49, KDJ-J: 46.35, MACD: -0.09
2025-03-28 13:29:14,724 - src.magic_nine_strategy - INFO - 2025-03-10T15:17:00 买入执行: 价格: 446.78, 成本: 44678.21, 手续费: 44.68
2025-03-28 13:29:14,732 - src.magic_nine_strategy - INFO - 2025-03-11T10:24:00 卖出信号! 神奇九转: 3, RSI6: 78.85, KDJ-J: 56.03, MACD: 0.45
2025-03-28 13:29:14,733 - src.magic_nine_strategy - INFO - 2025-03-11T10:25:00 卖出执行: 价格: 448.43, 成本: 44678.21, 手续费: 44.84
2025-03-28 13:29:14,733 - src.magic_nine_strategy - INFO - 2025-03-11T10:25:00 交易利润: -164.84
2025-03-28 13:29:14,733 - src.magic_nine_strategy - INFO - 2025-03-11T10:25:00 交易利润, 毛利润: 164.84, 净利润: 75.31
2025-03-28 13:29:14,747 - src.magic_nine_strategy - INFO - 2025-03-11T13:51:00 买入信号! 神奇九转: 0, RSI6: 12.64, KDJ-J: 41.39, MACD: -0.90
2025-03-28 13:29:14,748 - src.magic_nine_strategy - INFO - 2025-03-11T13:52:00 买入执行: 价格: 448.75, 成本: 44875.07, 手续费: 44.88
2025-03-28 13:29:14,757 - src.magic_nine_strategy - INFO - 2025-03-11T15:55:00 卖出信号! 神奇九转: 3, RSI6: 70.04, KDJ-J: 58.30, MACD: -0.04
2025-03-28 13:29:14,758 - src.magic_nine_strategy - INFO - 2025-03-11T15:56:00 卖出执行: 价格: 438.37, 成本: 44875.07, 手续费: 43.84
2025-03-28 13:29:14,758 - src.magic_nine_strategy - INFO - 2025-03-11T15:56:00 交易利润: 1038.41
2025-03-28 13:29:14,758 - src.magic_nine_strategy - INFO - 2025-03-11T15:56:00 交易利润, 毛利润: -1038.41, 净利润: -1127.12
2025-03-28 13:29:14,765 - src.magic_nine_strategy - INFO - 2025-03-12T11:10:00 买入信号! 神奇九转: 0, RSI6: 29.25, KDJ-J: 47.01, MACD: -0.80
2025-03-28 13:29:14,766 - src.magic_nine_strategy - INFO - 2025-03-12T11:11:00 买入执行: 价格: 438.70, 成本: 43869.89, 手续费: 43.87
2025-03-28 13:29:14,774 - src.magic_nine_strategy - INFO - 2025-03-12T12:52:00 卖出信号! 神奇九转: 3, RSI6: 74.18, KDJ-J: 65.48, MACD: 0.34
2025-03-28 13:29:14,775 - src.magic_nine_strategy - INFO - 2025-03-12T12:53:00 卖出执行: 价格: 437.76, 成本: 43869.89, 手续费: 43.78
2025-03-28 13:29:14,782 - src.magic_nine_strategy - INFO - 2025-03-12T12:53:00 交易利润: 93.59
2025-03-28 13:29:14,782 - src.magic_nine_strategy - INFO - 2025-03-12T12:53:00 交易利润, 毛利润: -93.59, 净利润: -181.23
2025-03-28 13:29:14,789 - src.magic_nine_strategy - INFO - 2025-03-12T14:21:00 买入信号! 神奇九转: 0, RSI6: 23.63, KDJ-J: 36.82, MACD: -0.90
2025-03-28 13:29:14,790 - src.magic_nine_strategy - INFO - 2025-03-12T14:22:00 买入执行: 价格: 432.56, 成本: 43256.32, 手续费: 43.26
2025-03-28 13:29:14,802 - src.magic_nine_strategy - INFO - 2025-03-13T10:34:00 卖出信号! 神奇九转: 3, RSI6: 72.32, KDJ-J: 64.04, MACD: -0.26
2025-03-28 13:29:14,803 - src.magic_nine_strategy - INFO - 2025-03-13T10:35:00 卖出执行: 价格: 423.05, 成本: 43256.32, 手续费: 42.30
2025-03-28 13:29:14,803 - src.magic_nine_strategy - INFO - 2025-03-13T10:35:00 交易利润: 951.77
2025-03-28 13:29:14,803 - src.magic_nine_strategy - INFO - 2025-03-13T10:35:00 交易利润, 毛利润: -951.77, 净利润: -1037.33
2025-03-28 13:29:14,808 - src.magic_nine_strategy - INFO - 2025-03-13T11:43:00 买入信号! 神奇九转: 0, RSI6: 13.91, KDJ-J: 26.94, MACD: -1.19
2025-03-28 13:29:14,809 - src.magic_nine_strategy - INFO - 2025-03-13T11:44:00 买入执行: 价格: 415.33, 成本: 41532.63, 手续费: 41.53
2025-03-28 13:29:14,812 - src.magic_nine_strategy - INFO - 2025-03-13T12:25:00 卖出信号! 神奇九转: 3, RSI6: 80.22, KDJ-J: 53.85, MACD: 0.88
2025-03-28 13:29:14,813 - src.magic_nine_strategy - INFO - 2025-03-13T12:26:00 卖出执行: 价格: 419.55, 成本: 41532.63, 手续费: 41.96
2025-03-28 13:29:14,813 - src.magic_nine_strategy - INFO - 2025-03-13T12:26:00 交易利润: -422.38
2025-03-28 13:29:14,813 - src.magic_nine_strategy - INFO - 2025-03-13T12:26:00 交易利润, 毛利润: 422.38, 净利润: 338.90
2025-03-28 13:29:14,816 - src.magic_nine_strategy - INFO - 2025-03-13T13:09:00 买入信号! 神奇九转: 0, RSI6: 24.92, KDJ-J: 29.83, MACD: -0.67
2025-03-28 13:29:14,817 - src.magic_nine_strategy - INFO - 2025-03-13T13:10:00 买入执行: 价格: 414.83, 成本: 41483.28, 手续费: 41.48
2025-03-28 13:29:14,832 - src.magic_nine_strategy - INFO - 2025-03-14T09:57:00 卖出信号! 神奇九转: 3, RSI6: 92.02, KDJ-J: 70.08, MACD: 0.77
2025-03-28 13:29:14,832 - src.magic_nine_strategy - INFO - 2025-03-14T09:58:00 卖出执行: 价格: 420.89, 成本: 41483.28, 手续费: 42.09
2025-03-28 13:29:14,833 - src.magic_nine_strategy - INFO - 2025-03-14T09:58:00 交易利润: -605.78
2025-03-28 13:29:14,833 - src.magic_nine_strategy - INFO - 2025-03-14T09:58:00 交易利润, 毛利润: 605.78, 净利润: 522.21
2025-03-28 13:29:14,843 - src.magic_nine_strategy - INFO - 2025-03-14T12:27:00 买入信号! 神奇九转: 0, RSI6: 25.95, KDJ-J: 34.87, MACD: -0.12
2025-03-28 13:29:14,844 - src.magic_nine_strategy - INFO - 2025-03-14T12:28:00 买入执行: 价格: 411.67, 成本: 41167.29, 手续费: 41.17
2025-03-28 13:29:14,848 - src.magic_nine_strategy - INFO - 2025-03-14T13:24:00 卖出信号! 神奇九转: 3, RSI6: 71.88, KDJ-J: 43.60, MACD: 0.65
2025-03-28 13:29:14,848 - src.magic_nine_strategy - INFO - 2025-03-14T13:25:00 卖出执行: 价格: 413.59, 成本: 41167.29, 手续费: 41.36
2025-03-28 13:29:14,848 - src.magic_nine_strategy - INFO - 2025-03-14T13:25:00 交易利润: -191.98
2025-03-28 13:29:14,848 - src.magic_nine_strategy - INFO - 2025-03-14T13:25:00 交易利润, 毛利润: 191.98, 净利润: 109.45
2025-03-28 13:29:14,871 - src.magic_nine_strategy - INFO - 2025-03-17T12:22:00 买入信号! 神奇九转: 0, RSI6: 16.40, KDJ-J: 18.23, MACD: 0.06
2025-03-28 13:29:14,872 - src.magic_nine_strategy - INFO - 2025-03-17T12:23:00 买入执行: 价格: 418.83, 成本: 41883.02, 手续费: 41.88
2025-03-28 13:29:14,888 - src.magic_nine_strategy - INFO - 2025-03-18T09:39:00 卖出信号! 神奇九转: 3, RSI6: 83.33, KDJ-J: 64.46, MACD: 0.48
2025-03-28 13:29:14,889 - src.magic_nine_strategy - INFO - 2025-03-18T09:40:00 卖出执行: 价格: 409.88, 成本: 41883.02, 手续费: 40.99
2025-03-28 13:29:14,889 - src.magic_nine_strategy - INFO - 2025-03-18T09:40:00 交易利润: 895.24
2025-03-28 13:29:14,889 - src.magic_nine_strategy - INFO - 2025-03-18T09:40:00 交易利润, 毛利润: -895.24, 净利润: -978.11
2025-03-28 13:29:14,897 - src.magic_nine_strategy - INFO - 2025-03-18T11:14:00 买入信号! 神奇九转: 0, RSI6: 13.00, KDJ-J: 21.13, MACD: -0.24
2025-03-28 13:29:14,897 - src.magic_nine_strategy - INFO - 2025-03-18T11:15:00 买入执行: 价格: 407.81, 成本: 40780.92, 手续费: 40.78
2025-03-28 13:29:14,905 - src.magic_nine_strategy - INFO - 2025-03-18T12:53:00 卖出信号! 神奇九转: 3, RSI6: 70.08, KDJ-J: 52.04, MACD: 0.35
2025-03-28 13:29:14,906 - src.magic_nine_strategy - INFO - 2025-03-18T12:54:00 卖出执行: 价格: 412.50, 成本: 40780.92, 手续费: 41.25
2025-03-28 13:29:14,906 - src.magic_nine_strategy - INFO - 2025-03-18T12:54:00 交易利润: -468.58
2025-03-28 13:29:14,906 - src.magic_nine_strategy - INFO - 2025-03-18T12:54:00 交易利润, 毛利润: 468.58, 净利润: 386.55
2025-03-28 13:29:14,907 - src.magic_nine_strategy - INFO - 2025-03-18T13:05:00 买入信号! 神奇九转: 0, RSI6: 27.46, KDJ-J: 34.10, MACD: -0.18
2025-03-28 13:29:14,907 - src.magic_nine_strategy - INFO - 2025-03-18T13:06:00 买入执行: 价格: 409.94, 成本: 40993.77, 手续费: 40.99
2025-03-28 13:29:14,927 - src.magic_nine_strategy - INFO - 2025-03-19T11:06:00 卖出信号! 神奇九转: 3, RSI6: 74.61, KDJ-J: 66.90, MACD: 0.24
2025-03-28 13:29:14,928 - src.magic_nine_strategy - INFO - 2025-03-19T11:07:00 卖出执行: 价格: 389.83, 成本: 40993.77, 手续费: 38.98
2025-03-28 13:29:14,928 - src.magic_nine_strategy - INFO - 2025-03-19T11:07:00 交易利润: 2010.77
2025-03-28 13:29:14,928 - src.magic_nine_strategy - INFO - 2025-03-19T11:07:00 交易利润, 毛利润: -2010.77, 净利润: -2090.75
2025-03-28 13:29:14,931 - src.magic_nine_strategy - INFO - 2025-03-19T11:52:00 买入信号! 神奇九转: 0, RSI6: 22.91, KDJ-J: 33.47, MACD: -0.03
2025-03-28 13:29:14,932 - src.magic_nine_strategy - INFO - 2025-03-19T11:53:00 买入执行: 价格: 391.72, 成本: 39171.68, 手续费: 39.17
2025-03-28 13:29:14,933 - src.magic_nine_strategy - INFO - 2025-03-19T12:06:00 卖出信号! 神奇九转: 3, RSI6: 79.37, KDJ-J: 69.53, MACD: 0.35
2025-03-28 13:29:14,934 - src.magic_nine_strategy - INFO - 2025-03-19T12:07:00 卖出执行: 价格: 394.44, 成本: 39171.68, 手续费: 39.44
2025-03-28 13:29:14,934 - src.magic_nine_strategy - INFO - 2025-03-19T12:07:00 交易利润: -272.80
2025-03-28 13:29:14,934 - src.magic_nine_strategy - INFO - 2025-03-19T12:07:00 交易利润, 毛利润: 272.80, 净利润: 194.18
2025-03-28 13:29:14,935 - src.magic_nine_strategy - INFO - 2025-03-19T12:20:00 买入信号! 神奇九转: 0, RSI6: 21.25, KDJ-J: 40.31, MACD: -0.21
2025-03-28 13:29:14,936 - src.magic_nine_strategy - INFO - 2025-03-19T12:21:00 买入执行: 价格: 392.06, 成本: 39206.44, 手续费: 39.21
2025-03-28 13:29:14,938 - src.magic_nine_strategy - INFO - 2025-03-19T12:43:00 卖出信号! 神奇九转: 3, RSI6: 90.11, KDJ-J: 68.84, MACD: 0.91
2025-03-28 13:29:14,938 - src.magic_nine_strategy - INFO - 2025-03-19T12:44:00 卖出执行: 价格: 398.24, 成本: 39206.44, 手续费: 39.82
2025-03-28 13:29:14,938 - src.magic_nine_strategy - INFO - 2025-03-19T12:44:00 交易利润: -617.16
2025-03-28 13:29:14,939 - src.magic_nine_strategy - INFO - 2025-03-19T12:44:00 交易利润, 毛利润: 617.16, 净利润: 538.13
2025-03-28 13:29:14,965 - src.magic_nine_strategy - INFO - 2025-03-20T12:49:00 买入信号! 神奇九转: 0, RSI6: 15.12, KDJ-J: 34.09, MACD: -1.39
2025-03-28 13:29:14,966 - src.magic_nine_strategy - INFO - 2025-03-20T12:50:00 买入执行: 价格: 390.64, 成本: 39064.39, 手续费: 39.06
2025-03-28 13:29:14,974 - src.magic_nine_strategy - INFO - 2025-03-20T14:40:00 卖出信号! 神奇九转: 3, RSI6: 86.91, KDJ-J: 69.22, MACD: 0.32
2025-03-28 13:29:14,974 - src.magic_nine_strategy - INFO - 2025-03-20T14:41:00 卖出执行: 价格: 390.94, 成本: 39064.39, 手续费: 39.09
2025-03-28 13:29:14,974 - src.magic_nine_strategy - INFO - 2025-03-20T14:41:00 交易利润: -29.74
2025-03-28 13:29:14,974 - src.magic_nine_strategy - INFO - 2025-03-20T14:41:00 交易利润, 毛利润: 29.74, 净利润: -48.42
2025-03-28 13:29:14,979 - src.magic_nine_strategy - INFO - 2025-03-20T15:52:00 买入信号! 神奇九转: 0, RSI6: 20.42, KDJ-J: 41.09, MACD: -0.59
2025-03-28 13:29:14,980 - src.magic_nine_strategy - INFO - 2025-03-20T15:53:00 买入执行: 价格: 387.27, 成本: 38726.82, 手续费: 38.73
2025-03-28 13:29:15,008 - src.magic_nine_strategy - INFO - 2025-03-21T15:36:00 卖出信号! 神奇九转: 3, RSI6: 93.12, KDJ-J: 69.47, MACD: 1.33
2025-03-28 13:29:15,008 - src.magic_nine_strategy - INFO - 2025-03-21T15:37:00 卖出执行: 价格: 384.78, 成本: 38726.82, 手续费: 38.48
2025-03-28 13:29:15,009 - src.magic_nine_strategy - INFO - 2025-03-21T15:37:00 交易利润: 248.43
2025-03-28 13:29:15,009 - src.magic_nine_strategy - INFO - 2025-03-21T15:37:00 交易利润, 毛利润: -248.43, 净利润: -325.64
2025-03-28 13:29:15,018 - src.magic_nine_strategy - INFO - 2025-03-24T11:16:00 买入信号! 神奇九转: 0, RSI6: 28.82, KDJ-J: 33.32, MACD: -0.45
2025-03-28 13:29:15,020 - src.magic_nine_strategy - INFO - 2025-03-24T11:17:00 买入执行: 价格: 380.23, 成本: 38022.78, 手续费: 38.02
2025-03-28 13:29:15,029 - src.magic_nine_strategy - INFO - 2025-03-24T13:13:00 卖出信号! 神奇九转: 3, RSI6: 83.68, KDJ-J: 94.01, MACD: 0.41
2025-03-28 13:29:15,030 - src.magic_nine_strategy - INFO - 2025-03-24T13:14:00 卖出执行: 价格: 382.68, 成本: 38022.78, 手续费: 38.27
2025-03-28 13:29:15,030 - src.magic_nine_strategy - INFO - 2025-03-24T13:14:00 交易利润: -245.70
2025-03-28 13:29:15,030 - src.magic_nine_strategy - INFO - 2025-03-24T13:14:00 交易利润, 毛利润: 245.70, 净利润: 169.41
2025-03-28 13:29:15,033 - src.magic_nine_strategy - INFO - 2025-03-24T13:50:00 买入信号! 神奇九转: 0, RSI6: 16.29, KDJ-J: 24.53, MACD: -0.11
2025-03-28 13:29:15,033 - src.magic_nine_strategy - INFO - 2025-03-24T13:51:00 买入执行: 价格: 381.87, 成本: 38186.91, 手续费: 38.19
2025-03-28 13:29:15,044 - src.magic_nine_strategy - INFO - 2025-03-25T09:49:00 卖出信号! 神奇九转: 3, RSI6: 70.01, KDJ-J: 66.56, MACD: 0.07
2025-03-28 13:29:15,045 - src.magic_nine_strategy - INFO - 2025-03-25T09:50:00 卖出执行: 价格: 386.50, 成本: 38186.91, 手续费: 38.65
2025-03-28 13:29:15,045 - src.magic_nine_strategy - INFO - 2025-03-25T09:50:00 交易利润: -462.77
2025-03-28 13:29:15,046 - src.magic_nine_strategy - INFO - 2025-03-25T09:50:00 交易利润, 毛利润: 462.77, 净利润: 385.93
2025-03-28 13:29:15,047 - src.magic_nine_strategy - INFO - 2025-03-25T10:01:00 买入信号! 神奇九转: 0, RSI6: 25.00, KDJ-J: 27.96, MACD: -0.21
2025-03-28 13:29:15,047 - src.magic_nine_strategy - INFO - 2025-03-25T10:02:00 买入执行: 价格: 383.95, 成本: 38395.07, 手续费: 38.40
2025-03-28 13:29:15,053 - src.magic_nine_strategy - INFO - 2025-03-25T11:31:00 卖出信号! 神奇九转: 3, RSI6: 75.50, KDJ-J: 65.43, MACD: -0.12
2025-03-28 13:29:15,054 - src.magic_nine_strategy - INFO - 2025-03-25T11:32:00 卖出执行: 价格: 382.10, 成本: 38395.07, 手续费: 38.21
2025-03-28 13:29:15,054 - src.magic_nine_strategy - INFO - 2025-03-25T11:32:00 交易利润: 184.69
2025-03-28 13:29:15,054 - src.magic_nine_strategy - INFO - 2025-03-25T11:32:00 交易利润, 毛利润: -184.69, 净利润: -261.29
2025-03-28 13:29:15,059 - src.magic_nine_strategy - INFO - 2025-03-25T12:32:00 买入信号! 神奇九转: 0, RSI6: 10.25, KDJ-J: 30.78, MACD: -0.79
2025-03-28 13:29:15,059 - src.magic_nine_strategy - INFO - 2025-03-25T12:33:00 买入执行: 价格: 375.01, 成本: 37500.73, 手续费: 37.50
2025-03-28 13:29:15,065 - src.magic_nine_strategy - INFO - 2025-03-25T14:01:00 卖出信号! 神奇九转: 3, RSI6: 76.04, KDJ-J: 65.41, MACD: 0.28
2025-03-28 13:29:15,066 - src.magic_nine_strategy - INFO - 2025-03-25T14:02:00 卖出执行: 价格: 375.41, 成本: 37500.73, 手续费: 37.54
2025-03-28 13:29:15,066 - src.magic_nine_strategy - INFO - 2025-03-25T14:02:00 交易利润: -40.45
2025-03-28 13:29:15,066 - src.magic_nine_strategy - INFO - 2025-03-25T14:02:00 交易利润, 毛利润: 40.45, 净利润: -34.59
2025-03-28 13:29:15,073 - src.magic_nine_strategy - INFO - 2025-03-25T15:41:00 买入信号! 神奇九转: 0, RSI6: 20.85, KDJ-J: 27.93, MACD: 0.19
2025-03-28 13:29:15,074 - src.magic_nine_strategy - INFO - 2025-03-25T15:42:00 买入执行: 价格: 380.72, 成本: 38072.03, 手续费: 38.07
2025-03-28 13:29:15,079 - src.magic_nine_strategy - INFO - 2025-03-26T10:27:00 卖出信号! 神奇九转: 3, RSI6: 71.68, KDJ-J: 45.34, MACD: 0.62
2025-03-28 13:29:15,080 - src.magic_nine_strategy - INFO - 2025-03-26T10:28:00 卖出执行: 价格: 383.71, 成本: 38072.03, 手续费: 38.37
2025-03-28 13:29:15,080 - src.magic_nine_strategy - INFO - 2025-03-26T10:28:00 交易利润: -299.11
2025-03-28 13:29:15,080 - src.magic_nine_strategy - INFO - 2025-03-26T10:28:00 交易利润, 毛利润: 299.11, 净利润: 222.66
2025-03-28 13:29:15,082 - src.magic_nine_strategy - INFO - 2025-03-26T10:50:00 买入信号! 神奇九转: 0, RSI6: 20.71, KDJ-J: 27.71, MACD: -0.23
2025-03-28 13:29:15,083 - src.magic_nine_strategy - INFO - 2025-03-26T10:51:00 买入执行: 价格: 380.91, 成本: 38090.75, 手续费: 38.09
2025-03-28 13:29:15,090 - src.magic_nine_strategy - INFO - 2025-03-26T12:27:00 卖出信号! 神奇九转: 3, RSI6: 70.06, KDJ-J: 55.71, MACD: 0.76
2025-03-28 13:29:15,090 - src.magic_nine_strategy - INFO - 2025-03-26T12:28:00 卖出执行: 价格: 388.75, 成本: 38090.75, 手续费: 38.87
2025-03-28 13:29:15,091 - src.magic_nine_strategy - INFO - 2025-03-26T12:28:00 交易利润: -784.02
2025-03-28 13:29:15,091 - src.magic_nine_strategy - INFO - 2025-03-26T12:28:00 交易利润, 毛利润: 784.02, 净利润: 707.05
2025-03-28 13:29:15,093 - src.magic_nine_strategy - INFO - 2025-03-26T13:00:00 买入信号! 神奇九转: 0, RSI6: 12.76, KDJ-J: 37.86, MACD: -0.63
2025-03-28 13:29:15,094 - src.magic_nine_strategy - INFO - 2025-03-26T13:01:00 买入执行: 价格: 387.99, 成本: 38798.68, 手续费: 38.80
2025-03-28 13:29:15,113 - src.magic_nine_strategy - INFO - 2025-03-27T10:59:00 卖出信号! 神奇九转: 3, RSI6: 87.49, KDJ-J: 66.96, MACD: 0.91
2025-03-28 13:29:15,114 - src.magic_nine_strategy - INFO - 2025-03-27T11:00:00 卖出执行: 价格: 387.73, 成本: 38798.68, 手续费: 38.77
2025-03-28 13:29:15,114 - src.magic_nine_strategy - INFO - 2025-03-27T11:00:00 交易利润: 26.02
2025-03-28 13:29:15,114 - src.magic_nine_strategy - INFO - 2025-03-27T11:00:00 交易利润, 毛利润: -26.02, 净利润: -103.59
2025-03-28 13:29:15,152 - src.magic_nine_strategy - INFO - 2025-03-28T13:49:00 买入信号! 神奇九转: 0, RSI6: 21.28, KDJ-J: 21.77, MACD: -0.79
2025-03-28 13:29:15,153 - src.magic_nine_strategy - INFO - 2025-03-28T13:50:00 买入执行: 价格: 399.10, 成本: 39909.57, 手续费: 39.91
2025-03-28 13:29:15,162 - root - INFO - 最终资金: 98563.07
2025-03-28 13:29:15,163 - root - INFO - 总收益率: -1.44%
2025-03-28 13:29:15,163 - root - INFO - 夏普比率: 无法计算
2025-03-28 13:29:15,163 - root - INFO - 最大回撤: 5.43%
2025-03-28 13:29:15,163 - root - INFO - 总交易次数: AutoOrderedDict({'total': 36, 'open': 1, 'closed': 35})
2025-03-28 13:29:15,164 - root - INFO - 盈利交易: AutoOrderedDict({'total': 20, 'pnl': AutoOrderedDict({'total': 6377.42197889723, 'average': 318.8710989448615, 'max': 707.0529003330189})})
2025-03-28 13:29:15,164 - root - INFO - 亏损交易: AutoOrderedDict({'total': 15, 'pnl': AutoOrderedDict({'total': -7841.546788919597, 'average': -522.7697859279731, 'max': -2090.7451130354707})})
